[32m2025-10-21 12:20:54 +0000[0m - dagster - [34mDEBUG[0m - __ASSET_JOB - 5d110ea3-d9d3-4f56-b06d-cb764a5bd586 - 14560 - LOGS_CAPTURED - Started capturing logs in process (pid: 14560).
[32m2025-10-21 12:20:54 +0000[0m - dagster - [34mDEBUG[0m - __ASSET_JOB - 5d110ea3-d9d3-4f56-b06d-cb764a5bd586 - 14560 - load_ar_aging_summary - STEP_START - Started execution of step "load_ar_aging_summary".
[32m2025-10-21 12:20:54 +0000[0m - dagster - [34mDEBUG[0m - __ASSET_JOB - 5d110ea3-d9d3-4f56-b06d-cb764a5bd586 - load_ar_aging_summary - Loading file from: /home/sharon/Documents/heronai-ar-dashboard/dagster_storage/transformed_invoices using PickledObjectFilesystemIOManager...
[32m2025-10-21 12:20:54 +0000[0m - dagster - [34mDEBUG[0m - __ASSET_JOB - 5d110ea3-d9d3-4f56-b06d-cb764a5bd586 - 14560 - load_ar_aging_summary - LOADED_INPUT - Loaded input "transformed_invoices" using input manager "io_manager", from output "result" of step "transformed_invoices"
[32m2025-10-21 12:20:54 +0000[0m - dagster - [34mDEBUG[0m - __ASSET_JOB - 5d110ea3-d9d3-4f56-b06d-cb764a5bd586 - 14560 - load_ar_aging_summary - STEP_INPUT - Got input "transformed_invoices" of type "DataFrame". (Type check passed).
[32m2025-10-21 12:20:54 +0000[0m - dagster - [34mWARNING[0m - __ASSET_JOB - 5d110ea3-d9d3-4f56-b06d-cb764a5bd586 - load_ar_aging_summary - Customer not found for contact_id: 0c14527c-8cf8-4b09-b79a-117d6ecdacd7
[32m2025-10-21 12:20:54 +0000[0m - dagster - [34mWARNING[0m - __ASSET_JOB - 5d110ea3-d9d3-4f56-b06d-cb764a5bd586 - load_ar_aging_summary - Customer not found for contact_id: 0d0beab0-a249-449b-b215-87e293ed9c54
[32m2025-10-21 12:20:54 +0000[0m - dagster - [34mWARNING[0m - __ASSET_JOB - 5d110ea3-d9d3-4f56-b06d-cb764a5bd586 - load_ar_aging_summary - Customer not found for contact_id: 12038024-5008-4cf1-869d-13961401237d
[32m2025-10-21 12:20:54 +0000[0m - dagster - [34mWARNING[0m - __ASSET_JOB - 5d110ea3-d9d3-4f56-b06d-cb764a5bd586 - load_ar_aging_summary - Customer not found for contact_id: 1c932344-79f3-4de8-988d-1c4e1d78c54e
[32m2025-10-21 12:20:54 +0000[0m - dagster - [34mWARNING[0m - __ASSET_JOB - 5d110ea3-d9d3-4f56-b06d-cb764a5bd586 - load_ar_aging_summary - Customer not found for contact_id: 2d3e3df7-3fef-4253-9727-9b37963051a6
[32m2025-10-21 12:20:54 +0000[0m - dagster - [34mWARNING[0m - __ASSET_JOB - 5d110ea3-d9d3-4f56-b06d-cb764a5bd586 - load_ar_aging_summary - Customer not found for contact_id: 381d2a82-d7fd-4ea4-93ac-4aba00c23253
[32m2025-10-21 12:20:54 +0000[0m - dagster - [34mWARNING[0m - __ASSET_JOB - 5d110ea3-d9d3-4f56-b06d-cb764a5bd586 - load_ar_aging_summary - Customer not found for contact_id: 3922db53-ffa2-496f-aac4-8ccd7f4b6d44
[32m2025-10-21 12:20:54 +0000[0m - dagster - [34mWARNING[0m - __ASSET_JOB - 5d110ea3-d9d3-4f56-b06d-cb764a5bd586 - load_ar_aging_summary - Customer not found for contact_id: 40ca25ec-3db5-46d4-a916-666e539e0412
[32m2025-10-21 12:20:54 +0000[0m - dagster - [34mWARNING[0m - __ASSET_JOB - 5d110ea3-d9d3-4f56-b06d-cb764a5bd586 - load_ar_aging_summary - Customer not found for contact_id: 41254502-0f23-44d4-944c-bb7c60f6bb3a
[32m2025-10-21 12:20:54 +0000[0m - dagster - [34mWARNING[0m - __ASSET_JOB - 5d110ea3-d9d3-4f56-b06d-cb764a5bd586 - load_ar_aging_summary - Customer not found for contact_id: 5a3a928b-ce89-4449-a12c-1aec23fae303
[32m2025-10-21 12:20:54 +0000[0m - dagster - [34mWARNING[0m - __ASSET_JOB - 5d110ea3-d9d3-4f56-b06d-cb764a5bd586 - load_ar_aging_summary - Customer not found for contact_id: 5ac14819-c0d0-453f-9361-0eab88c8ec68
[32m2025-10-21 12:20:54 +0000[0m - dagster - [34mWARNING[0m - __ASSET_JOB - 5d110ea3-d9d3-4f56-b06d-cb764a5bd586 - load_ar_aging_summary - Customer not found for contact_id: 5cd0f317-acaa-44b3-9a76-f592bd4bb56b
[32m2025-10-21 12:20:54 +0000[0m - dagster - [34mWARNING[0m - __ASSET_JOB - 5d110ea3-d9d3-4f56-b06d-cb764a5bd586 - load_ar_aging_summary - Customer not found for contact_id: 5d7e7938-688b-4436-91cb-85ed24657206
[32m2025-10-21 12:20:54 +0000[0m - dagster - [34mWARNING[0m - __ASSET_JOB - 5d110ea3-d9d3-4f56-b06d-cb764a5bd586 - load_ar_aging_summary - Customer not found for contact_id: 8032a833-cfdd-40c2-a07d-fa59a7f751ff
[32m2025-10-21 12:20:54 +0000[0m - dagster - [34mWARNING[0m - __ASSET_JOB - 5d110ea3-d9d3-4f56-b06d-cb764a5bd586 - load_ar_aging_summary - Customer not found for contact_id: 97c6b23f-3590-4f64-abe7-721a36258dad
[32m2025-10-21 12:20:54 +0000[0m - dagster - [34mWARNING[0m - __ASSET_JOB - 5d110ea3-d9d3-4f56-b06d-cb764a5bd586 - load_ar_aging_summary - Customer not found for contact_id: 9965d32d-5ffe-4c1f-912e-f736b388796a
[32m2025-10-21 12:20:54 +0000[0m - dagster - [34mWARNING[0m - __ASSET_JOB - 5d110ea3-d9d3-4f56-b06d-cb764a5bd586 - load_ar_aging_summary - Customer not found for contact_id: 9b7bcaf7-9e09-4094-8177-4e3300cfd9e5
[32m2025-10-21 12:20:54 +0000[0m - dagster - [34mWARNING[0m - __ASSET_JOB - 5d110ea3-d9d3-4f56-b06d-cb764a5bd586 - load_ar_aging_summary - Customer not found for contact_id: a7992eba-2bc1-454a-b725-cee76ff70b5d
[32m2025-10-21 12:20:54 +0000[0m - dagster - [34mWARNING[0m - __ASSET_JOB - 5d110ea3-d9d3-4f56-b06d-cb764a5bd586 - load_ar_aging_summary - Customer not found for contact_id: cad498a2-78c7-403b-a437-85600fdc2dd0
[32m2025-10-21 12:20:55 +0000[0m - dagster - [34mWARNING[0m - __ASSET_JOB - 5d110ea3-d9d3-4f56-b06d-cb764a5bd586 - load_ar_aging_summary - Customer not found for contact_id: dc48c557-93ff-4a50-85a1-a201d56f1bd3
[32m2025-10-21 12:20:55 +0000[0m - dagster - [34mWARNING[0m - __ASSET_JOB - 5d110ea3-d9d3-4f56-b06d-cb764a5bd586 - load_ar_aging_summary - Customer not found for contact_id: fb90a3cd-8fe2-434b-ac95-4ee874558d64
[32m2025-10-21 12:20:55 +0000[0m - dagster - [34mINFO[0m - __ASSET_JOB - 5d110ea3-d9d3-4f56-b06d-cb764a5bd586 - load_ar_aging_summary - ✓ Loaded 8 AR aging summary records
[32m2025-10-21 12:20:55 +0000[0m - dagster - [34mINFO[0m - __ASSET_JOB - 5d110ea3-d9d3-4f56-b06d-cb764a5bd586 - load_ar_aging_summary -   → Total AR Outstanding: $96,757.00
[32m2025-10-21 12:20:55 +0000[0m - dagster - [34mDEBUG[0m - __ASSET_JOB - 5d110ea3-d9d3-4f56-b06d-cb764a5bd586 - 14560 - load_ar_aging_summary - STEP_OUTPUT - Yielded output "result" of type "Int". (Type check passed).
[32m2025-10-21 12:20:55 +0000[0m - dagster - [34mDEBUG[0m - __ASSET_JOB - 5d110ea3-d9d3-4f56-b06d-cb764a5bd586 - load_ar_aging_summary - Writing file at: /home/sharon/Documents/heronai-ar-dashboard/dagster_storage/load_ar_aging_summary using PickledObjectFilesystemIOManager...
[32m2025-10-21 12:20:55 +0000[0m - dagster - [34mDEBUG[0m - __ASSET_JOB - 5d110ea3-d9d3-4f56-b06d-cb764a5bd586 - 14560 - load_ar_aging_summary - ASSET_MATERIALIZATION - Materialized value load_ar_aging_summary.
[32m2025-10-21 12:20:55 +0000[0m - dagster - [34mDEBUG[0m - __ASSET_JOB - 5d110ea3-d9d3-4f56-b06d-cb764a5bd586 - 14560 - load_ar_aging_summary - HANDLED_OUTPUT - Handled output "result" using IO manager "io_manager"
[32m2025-10-21 12:20:55 +0000[0m - dagster - [34mDEBUG[0m - __ASSET_JOB - 5d110ea3-d9d3-4f56-b06d-cb764a5bd586 - 14560 - load_ar_aging_summary - STEP_SUCCESS - Finished execution of step "load_ar_aging_summary" in 737ms.
